************************** Date  Tue Oct 31 05:06:01 AM EAT 2023
Current date and time Tue Oct 31 05:06:01 AM EAT 2023
greenzone_vmail-08-01-2023*
***********************************************
command = ls greenzone_vmail-08-01-2023* |wc -l
/home/rbt/voicemail/logs/backup
result=0
No old file
************************** Date  Wed Nov  1 05:06:01 AM EAT 2023
Current date and time Wed Nov  1 05:06:01 AM EAT 2023
greenzone_vmail-08-02-2023*
***********************************************
command = ls greenzone_vmail-08-02-2023* |wc -l
/home/rbt/voicemail/logs/backup
result=0
No old file
************************** Date  Thu Nov  2 05:06:01 AM EAT 2023
Current date and time Thu Nov  2 05:06:01 AM EAT 2023
greenzone_vmail-08-03-2023*
***********************************************
command = ls greenzone_vmail-08-03-2023* |wc -l
/home/rbt/voicemail/logs/backup
result=0
No old file
************************** Date  Fri Nov  3 05:06:01 AM EAT 2023
Current date and time Fri Nov  3 05:06:01 AM EAT 2023
greenzone_vmail-08-04-2023*
***********************************************
command = ls greenzone_vmail-08-04-2023* |wc -l
/home/rbt/voicemail/logs/backup
result=0
No old file
************************** Date  Sat Nov  4 05:06:01 AM EAT 2023
Current date and time Sat Nov  4 05:06:01 AM EAT 2023
greenzone_vmail-08-05-2023*
***********************************************
command = ls greenzone_vmail-08-05-2023* |wc -l
/home/rbt/voicemail/logs/backup
result=0
No old file
************************** Date  Sun Nov  5 05:06:01 AM EAT 2023
Current date and time Sun Nov  5 05:06:01 AM EAT 2023
greenzone_vmail-08-06-2023*
***********************************************
command = ls greenzone_vmail-08-06-2023* |wc -l
/home/rbt/voicemail/logs/backup
result=0
No old file
************************** Date  Mon Nov  6 05:06:01 AM EAT 2023
Current date and time Mon Nov  6 05:06:01 AM EAT 2023
greenzone_vmail-08-07-2023*
***********************************************
command = ls greenzone_vmail-08-07-2023* |wc -l
/home/rbt/voicemail/logs/backup
result=0
No old file
************************** Date  Tue Nov  7 05:06:02 AM EAT 2023
Current date and time Tue Nov  7 05:06:02 AM EAT 2023
greenzone_vmail-08-08-2023*
***********************************************
command = ls greenzone_vmail-08-08-2023* |wc -l
/home/rbt/voicemail/logs/backup
result=0
No old file
************************** Date  Wed Nov  8 05:06:01 AM EAT 2023
Current date and time Wed Nov  8 05:06:01 AM EAT 2023
greenzone_vmail-08-09-2023*
***********************************************
command = ls greenzone_vmail-08-09-2023* |wc -l
/home/rbt/voicemail/logs/backup
result=0
No old file
************************** Date  Thu Nov  9 05:06:01 AM EAT 2023
Current date and time Thu Nov  9 05:06:01 AM EAT 2023
greenzone_vmail-08-10-2023*
***********************************************
command = ls greenzone_vmail-08-10-2023* |wc -l
/home/rbt/voicemail/logs/backup
result=0
No old file
************************** Date  Fri Nov 10 05:06:01 AM EAT 2023
Current date and time Fri Nov 10 05:06:01 AM EAT 2023
greenzone_vmail-08-11-2023*
***********************************************
command = ls greenzone_vmail-08-11-2023* |wc -l
/home/rbt/voicemail/logs/backup
result=0
No old file
************************** Date  Sat Nov 11 05:06:01 AM EAT 2023
Current date and time Sat Nov 11 05:06:01 AM EAT 2023
greenzone_vmail-08-12-2023*
***********************************************
command = ls greenzone_vmail-08-12-2023* |wc -l
/home/rbt/voicemail/logs/backup
result=0
No old file
************************** Date  Sun Nov 12 05:06:01 AM EAT 2023
Current date and time Sun Nov 12 05:06:01 AM EAT 2023
greenzone_vmail-08-13-2023*
***********************************************
command = ls greenzone_vmail-08-13-2023* |wc -l
/home/rbt/voicemail/logs/backup
result=0
No old file
************************** Date  Mon Nov 13 05:06:02 AM EAT 2023
Current date and time Mon Nov 13 05:06:02 AM EAT 2023
greenzone_vmail-08-14-2023*
***********************************************
command = ls greenzone_vmail-08-14-2023* |wc -l
/home/rbt/voicemail/logs/backup
result=0
No old file
************************** Date  Tue Nov 14 05:06:01 AM EAT 2023
Current date and time Tue Nov 14 05:06:01 AM EAT 2023
greenzone_vmail-08-15-2023*
***********************************************
command = ls greenzone_vmail-08-15-2023* |wc -l
/home/rbt/voicemail/logs/backup
result=0
No old file
************************** Date  Wed Nov 15 05:06:01 AM EAT 2023
Current date and time Wed Nov 15 05:06:01 AM EAT 2023
greenzone_vmail-08-16-2023*
***********************************************
command = ls greenzone_vmail-08-16-2023* |wc -l
/home/rbt/voicemail/logs/backup
result=0
No old file
************************** Date  Thu Nov 16 05:06:01 AM EAT 2023
Current date and time Thu Nov 16 05:06:01 AM EAT 2023
greenzone_vmail-08-17-2023*
***********************************************
command = ls greenzone_vmail-08-17-2023* |wc -l
/home/rbt/voicemail/logs/backup
result=0
No old file
************************** Date  Fri Nov 17 05:06:01 AM EAT 2023
Current date and time Fri Nov 17 05:06:01 AM EAT 2023
greenzone_vmail-08-18-2023*
***********************************************
command = ls greenzone_vmail-08-18-2023* |wc -l
/home/rbt/voicemail/logs/backup
result=0
No old file
************************** Date  Sat Nov 18 05:06:01 AM EAT 2023
Current date and time Sat Nov 18 05:06:01 AM EAT 2023
greenzone_vmail-08-19-2023*
***********************************************
command = ls greenzone_vmail-08-19-2023* |wc -l
/home/rbt/voicemail/logs/backup
result=0
No old file
************************** Date  Sun Nov 19 05:06:01 AM EAT 2023
Current date and time Sun Nov 19 05:06:01 AM EAT 2023
greenzone_vmail-08-20-2023*
***********************************************
command = ls greenzone_vmail-08-20-2023* |wc -l
/home/rbt/voicemail/logs/backup
result=0
No old file
************************** Date  Mon Nov 20 05:06:01 AM EAT 2023
Current date and time Mon Nov 20 05:06:01 AM EAT 2023
greenzone_vmail-08-21-2023*
***********************************************
command = ls greenzone_vmail-08-21-2023* |wc -l
/home/rbt/voicemail/logs/backup
result=0
No old file
************************** Date  Tue Nov 21 05:06:01 AM EAT 2023
Current date and time Tue Nov 21 05:06:01 AM EAT 2023
greenzone_vmail-08-22-2023*
***********************************************
command = ls greenzone_vmail-08-22-2023* |wc -l
/home/rbt/voicemail/logs/backup
result=0
No old file
************************** Date  Wed Nov 22 05:06:01 AM EAT 2023
Current date and time Wed Nov 22 05:06:01 AM EAT 2023
greenzone_vmail-08-23-2023*
***********************************************
command = ls greenzone_vmail-08-23-2023* |wc -l
/home/rbt/voicemail/logs/backup
result=0
No old file
************************** Date  Thu Nov 23 05:06:01 AM EAT 2023
Current date and time Thu Nov 23 05:06:01 AM EAT 2023
greenzone_vmail-08-24-2023*
***********************************************
command = ls greenzone_vmail-08-24-2023* |wc -l
/home/rbt/voicemail/logs/backup
result=0
No old file
************************** Date  Fri Nov 24 05:06:01 AM EAT 2023
Current date and time Fri Nov 24 05:06:01 AM EAT 2023
greenzone_vmail-08-25-2023*
***********************************************
command = ls greenzone_vmail-08-25-2023* |wc -l
/home/rbt/voicemail/logs/backup
result=0
No old file
************************** Date  Sat Nov 25 05:06:01 AM EAT 2023
Current date and time Sat Nov 25 05:06:01 AM EAT 2023
greenzone_vmail-08-26-2023*
***********************************************
command = ls greenzone_vmail-08-26-2023* |wc -l
/home/rbt/voicemail/logs/backup
result=0
No old file
************************** Date  Sun Nov 26 05:06:01 AM EAT 2023
Current date and time Sun Nov 26 05:06:01 AM EAT 2023
greenzone_vmail-08-27-2023*
***********************************************
command = ls greenzone_vmail-08-27-2023* |wc -l
/home/rbt/voicemail/logs/backup
result=0
No old file
************************** Date  Mon Nov 27 05:06:01 AM EAT 2023
Current date and time Mon Nov 27 05:06:01 AM EAT 2023
greenzone_vmail-08-28-2023*
***********************************************
command = ls greenzone_vmail-08-28-2023* |wc -l
/home/rbt/voicemail/logs/backup
result=0
No old file
************************** Date  Tue Nov 28 05:06:01 AM EAT 2023
Current date and time Tue Nov 28 05:06:01 AM EAT 2023
greenzone_vmail-08-29-2023*
***********************************************
command = ls greenzone_vmail-08-29-2023* |wc -l
/home/rbt/voicemail/logs/backup
result=0
No old file
************************** Date  Wed Nov 29 05:06:01 AM EAT 2023
Current date and time Wed Nov 29 05:06:01 AM EAT 2023
greenzone_vmail-08-30-2023*
***********************************************
command = ls greenzone_vmail-08-30-2023* |wc -l
/home/rbt/voicemail/logs/backup
result=0
No old file
************************** Date  Thu Nov 30 05:06:01 AM EAT 2023
Current date and time Thu Nov 30 05:06:01 AM EAT 2023
greenzone_vmail-08-31-2023*
***********************************************
command = ls greenzone_vmail-08-31-2023* |wc -l
/home/rbt/voicemail/logs/backup
result=0
No old file
************************** Date  Fri Dec  1 05:06:01 AM EAT 2023
Current date and time Fri Dec  1 05:06:01 AM EAT 2023
greenzone_vmail-09-01-2023*
***********************************************
command = ls greenzone_vmail-09-01-2023* |wc -l
/home/rbt/voicemail/logs/backup
result=0
No old file
************************** Date  Sat Dec  2 05:06:01 AM EAT 2023
Current date and time Sat Dec  2 05:06:01 AM EAT 2023
greenzone_vmail-09-02-2023*
***********************************************
command = ls greenzone_vmail-09-02-2023* |wc -l
/home/rbt/voicemail/logs/backup
result=0
No old file
************************** Date  Sun Dec  3 05:06:01 AM EAT 2023
Current date and time Sun Dec  3 05:06:01 AM EAT 2023
greenzone_vmail-09-03-2023*
***********************************************
command = ls greenzone_vmail-09-03-2023* |wc -l
/home/rbt/voicemail/logs/backup
result=0
No old file
************************** Date  Mon Dec  4 05:06:01 AM EAT 2023
Current date and time Mon Dec  4 05:06:01 AM EAT 2023
greenzone_vmail-09-04-2023*
***********************************************
command = ls greenzone_vmail-09-04-2023* |wc -l
/home/rbt/voicemail/logs/backup
result=0
No old file
************************** Date  Tue Dec  5 05:06:01 AM EAT 2023
Current date and time Tue Dec  5 05:06:01 AM EAT 2023
greenzone_vmail-09-05-2023*
***********************************************
command = ls greenzone_vmail-09-05-2023* |wc -l
/home/rbt/voicemail/logs/backup
result=0
No old file
************************** Date  Wed Dec  6 05:06:01 AM EAT 2023
Current date and time Wed Dec  6 05:06:01 AM EAT 2023
greenzone_vmail-09-06-2023*
***********************************************
command = ls greenzone_vmail-09-06-2023* |wc -l
/home/rbt/voicemail/logs/backup
result=0
No old file
************************** Date  Thu Dec  7 05:06:02 AM EAT 2023
Current date and time Thu Dec  7 05:06:02 AM EAT 2023
greenzone_vmail-09-07-2023*
***********************************************
command = ls greenzone_vmail-09-07-2023* |wc -l
/home/rbt/voicemail/logs/backup
result=0
No old file
************************** Date  Fri Dec  8 05:06:02 AM EAT 2023
Current date and time Fri Dec  8 05:06:02 AM EAT 2023
greenzone_vmail-09-08-2023*
***********************************************
command = ls greenzone_vmail-09-08-2023* |wc -l
/home/rbt/voicemail/logs/backup
result=0
No old file
************************** Date  Sat Dec  9 05:06:01 AM EAT 2023
Current date and time Sat Dec  9 05:06:01 AM EAT 2023
greenzone_vmail-09-09-2023*
***********************************************
command = ls greenzone_vmail-09-09-2023* |wc -l
/home/rbt/voicemail/logs/backup
result=0
No old file
************************** Date  Sun Dec 10 05:06:01 AM EAT 2023
Current date and time Sun Dec 10 05:06:01 AM EAT 2023
greenzone_vmail-09-10-2023*
***********************************************
command = ls greenzone_vmail-09-10-2023* |wc -l
/home/rbt/voicemail/logs/backup
result=0
No old file
************************** Date  Mon Dec 11 05:06:01 AM EAT 2023
Current date and time Mon Dec 11 05:06:01 AM EAT 2023
greenzone_vmail-09-11-2023*
***********************************************
command = ls greenzone_vmail-09-11-2023* |wc -l
/home/rbt/voicemail/logs/backup
result=0
No old file
************************** Date  Tue Dec 12 05:06:01 AM EAT 2023
Current date and time Tue Dec 12 05:06:01 AM EAT 2023
greenzone_vmail-09-12-2023*
***********************************************
command = ls greenzone_vmail-09-12-2023* |wc -l
/home/rbt/voicemail/logs/backup
result=0
No old file
************************** Date  Wed Dec 13 05:06:01 AM EAT 2023
Current date and time Wed Dec 13 05:06:01 AM EAT 2023
greenzone_vmail-09-13-2023*
***********************************************
command = ls greenzone_vmail-09-13-2023* |wc -l
/home/rbt/voicemail/logs/backup
result=0
No old file
************************** Date  Thu Dec 14 05:06:02 AM EAT 2023
Current date and time Thu Dec 14 05:06:02 AM EAT 2023
greenzone_vmail-09-14-2023*
***********************************************
command = ls greenzone_vmail-09-14-2023* |wc -l
/home/rbt/voicemail/logs/backup
result=0
No old file
************************** Date  Fri Dec 15 05:06:01 AM EAT 2023
Current date and time Fri Dec 15 05:06:01 AM EAT 2023
greenzone_vmail-09-15-2023*
***********************************************
command = ls greenzone_vmail-09-15-2023* |wc -l
/home/rbt/voicemail/logs/backup
result=0
No old file
************************** Date  Sat Dec 16 05:06:02 AM EAT 2023
Current date and time Sat Dec 16 05:06:02 AM EAT 2023
greenzone_vmail-09-16-2023*
***********************************************
command = ls greenzone_vmail-09-16-2023* |wc -l
/home/rbt/voicemail/logs/backup
result=0
No old file
************************** Date  Sun Dec 17 05:06:01 AM EAT 2023
Current date and time Sun Dec 17 05:06:01 AM EAT 2023
greenzone_vmail-09-17-2023*
***********************************************
command = ls greenzone_vmail-09-17-2023* |wc -l
/home/rbt/voicemail/logs/backup
result=0
No old file
************************** Date  Mon Dec 18 05:06:01 AM EAT 2023
Current date and time Mon Dec 18 05:06:01 AM EAT 2023
greenzone_vmail-09-18-2023*
***********************************************
command = ls greenzone_vmail-09-18-2023* |wc -l
/home/rbt/voicemail/logs/backup
result=0
No old file
************************** Date  Tue Dec 19 05:06:01 AM EAT 2023
Current date and time Tue Dec 19 05:06:01 AM EAT 2023
greenzone_vmail-09-19-2023*
***********************************************
command = ls greenzone_vmail-09-19-2023* |wc -l
/home/rbt/voicemail/logs/backup
result=0
No old file
************************** Date  Wed Dec 20 05:06:02 AM EAT 2023
Current date and time Wed Dec 20 05:06:02 AM EAT 2023
greenzone_vmail-09-20-2023*
***********************************************
command = ls greenzone_vmail-09-20-2023* |wc -l
/home/rbt/voicemail/logs/backup
result=0
No old file
************************** Date  Thu Dec 21 05:06:01 AM EAT 2023
Current date and time Thu Dec 21 05:06:01 AM EAT 2023
greenzone_vmail-09-21-2023*
***********************************************
command = ls greenzone_vmail-09-21-2023* |wc -l
/home/rbt/voicemail/logs/backup
result=0
No old file
************************** Date  Fri Dec 22 05:06:01 AM EAT 2023
Current date and time Fri Dec 22 05:06:01 AM EAT 2023
greenzone_vmail-09-22-2023*
***********************************************
command = ls greenzone_vmail-09-22-2023* |wc -l
/home/rbt/voicemail/logs/backup
result=0
No old file
************************** Date  Sat Dec 23 05:06:01 AM EAT 2023
Current date and time Sat Dec 23 05:06:01 AM EAT 2023
greenzone_vmail-09-23-2023*
***********************************************
command = ls greenzone_vmail-09-23-2023* |wc -l
/home/rbt/voicemail/logs/backup
result=0
No old file
************************** Date  Sun Dec 24 05:06:01 AM EAT 2023
Current date and time Sun Dec 24 05:06:01 AM EAT 2023
greenzone_vmail-09-24-2023*
***********************************************
command = ls greenzone_vmail-09-24-2023* |wc -l
/home/rbt/voicemail/logs/backup
result=0
No old file
************************** Date  Mon Dec 25 05:06:01 AM EAT 2023
Current date and time Mon Dec 25 05:06:01 AM EAT 2023
greenzone_vmail-09-25-2023*
***********************************************
command = ls greenzone_vmail-09-25-2023* |wc -l
/home/rbt/voicemail/logs/backup
result=0
No old file
************************** Date  Tue Dec 26 05:06:01 AM EAT 2023
Current date and time Tue Dec 26 05:06:01 AM EAT 2023
greenzone_vmail-09-26-2023*
***********************************************
command = ls greenzone_vmail-09-26-2023* |wc -l
/home/rbt/voicemail/logs/backup
result=0
No old file
************************** Date  Wed Dec 27 05:06:01 AM EAT 2023
Current date and time Wed Dec 27 05:06:01 AM EAT 2023
greenzone_vmail-09-27-2023*
***********************************************
command = ls greenzone_vmail-09-27-2023* |wc -l
/home/rbt/voicemail/logs/backup
result=0
No old file
************************** Date  Thu Dec 28 05:06:01 AM EAT 2023
Current date and time Thu Dec 28 05:06:01 AM EAT 2023
greenzone_vmail-09-28-2023*
***********************************************
command = ls greenzone_vmail-09-28-2023* |wc -l
/home/rbt/voicemail/logs/backup
result=0
No old file
************************** Date  Fri Dec 29 05:06:01 AM EAT 2023
Current date and time Fri Dec 29 05:06:01 AM EAT 2023
greenzone_vmail-09-29-2023*
***********************************************
command = ls greenzone_vmail-09-29-2023* |wc -l
/home/rbt/voicemail/logs/backup
result=0
No old file
************************** Date  Sat Dec 30 05:06:01 AM EAT 2023
Current date and time Sat Dec 30 05:06:01 AM EAT 2023
greenzone_vmail-09-30-2023*
***********************************************
command = ls greenzone_vmail-09-30-2023* |wc -l
/home/rbt/voicemail/logs/backup
result=0
No old file
************************** Date  Sun Dec 31 05:06:01 AM EAT 2023
Current date and time Sun Dec 31 05:06:01 AM EAT 2023
greenzone_vmail-10-01-2023*
***********************************************
command = ls greenzone_vmail-10-01-2023* |wc -l
/home/rbt/voicemail/logs/backup
result=0
No old file
************************** Date  Mon Jan  1 05:06:01 AM EAT 2024
Current date and time Mon Jan  1 05:06:01 AM EAT 2024
greenzone_vmail-10-02-2023*
***********************************************
command = ls greenzone_vmail-10-02-2023* |wc -l
/home/rbt/voicemail/logs/backup
result=0
No old file
************************** Date  Tue Jan  2 05:06:01 AM EAT 2024
Current date and time Tue Jan  2 05:06:01 AM EAT 2024
greenzone_vmail-10-03-2023*
***********************************************
command = ls greenzone_vmail-10-03-2023* |wc -l
/home/rbt/voicemail/logs/backup
result=0
No old file
************************** Date  Wed Jan  3 05:06:01 AM EAT 2024
Current date and time Wed Jan  3 05:06:01 AM EAT 2024
greenzone_vmail-10-04-2023*
***********************************************
command = ls greenzone_vmail-10-04-2023* |wc -l
/home/rbt/voicemail/logs/backup
result=0
No old file
************************** Date  Thu Jan  4 05:06:01 AM EAT 2024
Current date and time Thu Jan  4 05:06:01 AM EAT 2024
greenzone_vmail-10-05-2023*
***********************************************
command = ls greenzone_vmail-10-05-2023* |wc -l
/home/rbt/voicemail/logs/backup
result=0
No old file
************************** Date  Fri Jan  5 05:06:01 AM EAT 2024
Current date and time Fri Jan  5 05:06:01 AM EAT 2024
greenzone_vmail-10-06-2023*
***********************************************
command = ls greenzone_vmail-10-06-2023* |wc -l
/home/rbt/voicemail/logs/backup
result=0
No old file
************************** Date  Sat Jan  6 05:06:01 AM EAT 2024
Current date and time Sat Jan  6 05:06:01 AM EAT 2024
greenzone_vmail-10-07-2023*
***********************************************
command = ls greenzone_vmail-10-07-2023* |wc -l
/home/rbt/voicemail/logs/backup
result=0
No old file
************************** Date  Sun Jan  7 05:06:01 AM EAT 2024
Current date and time Sun Jan  7 05:06:01 AM EAT 2024
greenzone_vmail-10-08-2023*
***********************************************
command = ls greenzone_vmail-10-08-2023* |wc -l
/home/rbt/voicemail/logs/backup
result=0
No old file
************************** Date  Mon Jan  8 05:06:01 AM EAT 2024
Current date and time Mon Jan  8 05:06:01 AM EAT 2024
greenzone_vmail-10-09-2023*
***********************************************
command = ls greenzone_vmail-10-09-2023* |wc -l
/home/rbt/voicemail/logs/backup
result=0
No old file
************************** Date  Tue Jan  9 05:06:01 AM EAT 2024
Current date and time Tue Jan  9 05:06:01 AM EAT 2024
greenzone_vmail-10-10-2023*
***********************************************
command = ls greenzone_vmail-10-10-2023* |wc -l
/home/rbt/voicemail/logs/backup
result=0
No old file
************************** Date  Wed Jan 10 05:06:01 AM EAT 2024
Current date and time Wed Jan 10 05:06:01 AM EAT 2024
greenzone_vmail-10-11-2023*
***********************************************
command = ls greenzone_vmail-10-11-2023* |wc -l
/home/rbt/voicemail/logs/backup
result=0
No old file
************************** Date  Thu Jan 11 05:06:01 AM EAT 2024
Current date and time Thu Jan 11 05:06:01 AM EAT 2024
greenzone_vmail-10-12-2023*
***********************************************
command = ls greenzone_vmail-10-12-2023* |wc -l
/home/rbt/voicemail/logs/backup
result=0
No old file
************************** Date  Fri Jan 12 05:06:01 AM EAT 2024
Current date and time Fri Jan 12 05:06:01 AM EAT 2024
greenzone_vmail-10-13-2023*
***********************************************
command = ls greenzone_vmail-10-13-2023* |wc -l
/home/rbt/voicemail/logs/backup
result=0
No old file
************************** Date  Sat Jan 13 05:06:01 AM EAT 2024
Current date and time Sat Jan 13 05:06:01 AM EAT 2024
greenzone_vmail-10-14-2023*
***********************************************
command = ls greenzone_vmail-10-14-2023* |wc -l
/home/rbt/voicemail/logs/backup
result=0
No old file
************************** Date  Sun Jan 14 05:06:01 AM EAT 2024
Current date and time Sun Jan 14 05:06:01 AM EAT 2024
greenzone_vmail-10-15-2023*
***********************************************
command = ls greenzone_vmail-10-15-2023* |wc -l
/home/rbt/voicemail/logs/backup
result=0
No old file
************************** Date  Mon Jan 15 05:06:01 AM EAT 2024
Current date and time Mon Jan 15 05:06:01 AM EAT 2024
greenzone_vmail-10-16-2023*
***********************************************
command = ls greenzone_vmail-10-16-2023* |wc -l
/home/rbt/voicemail/logs/backup
result=0
No old file
************************** Date  Tue Jan 16 05:06:01 AM EAT 2024
Current date and time Tue Jan 16 05:06:01 AM EAT 2024
greenzone_vmail-10-17-2023*
***********************************************
command = ls greenzone_vmail-10-17-2023* |wc -l
/home/rbt/voicemail/logs/backup
result=0
No old file
************************** Date  Wed Jan 17 05:06:01 AM EAT 2024
Current date and time Wed Jan 17 05:06:01 AM EAT 2024
greenzone_vmail-10-18-2023*
***********************************************
command = ls greenzone_vmail-10-18-2023* |wc -l
/home/rbt/voicemail/logs/backup
result=0
No old file
************************** Date  Thu Jan 18 05:06:01 AM EAT 2024
Current date and time Thu Jan 18 05:06:01 AM EAT 2024
greenzone_vmail-10-19-2023*
***********************************************
command = ls greenzone_vmail-10-19-2023* |wc -l
/home/rbt/voicemail/logs/backup
result=0
No old file
************************** Date  Fri Jan 19 05:06:01 AM EAT 2024
Current date and time Fri Jan 19 05:06:01 AM EAT 2024
greenzone_vmail-10-20-2023*
***********************************************
command = ls greenzone_vmail-10-20-2023* |wc -l
/home/rbt/voicemail/logs/backup
result=0
No old file
************************** Date  Sat Jan 20 05:06:01 AM EAT 2024
Current date and time Sat Jan 20 05:06:01 AM EAT 2024
greenzone_vmail-10-21-2023*
***********************************************
command = ls greenzone_vmail-10-21-2023* |wc -l
/home/rbt/voicemail/logs/backup
result=0
No old file
************************** Date  Sun Jan 21 05:06:01 AM EAT 2024
Current date and time Sun Jan 21 05:06:01 AM EAT 2024
greenzone_vmail-10-22-2023*
***********************************************
command = ls greenzone_vmail-10-22-2023* |wc -l
/home/rbt/voicemail/logs/backup
result=0
No old file
************************** Date  Mon Jan 22 05:06:01 AM EAT 2024
Current date and time Mon Jan 22 05:06:01 AM EAT 2024
greenzone_vmail-10-23-2023*
***********************************************
command = ls greenzone_vmail-10-23-2023* |wc -l
/home/rbt/voicemail/logs/backup
result=0
No old file
************************** Date  Tue Jan 23 05:06:01 AM EAT 2024
Current date and time Tue Jan 23 05:06:01 AM EAT 2024
greenzone_vmail-10-24-2023*
***********************************************
command = ls greenzone_vmail-10-24-2023* |wc -l
/home/rbt/voicemail/logs/backup
result=0
No old file
************************** Date  Wed Jan 24 05:06:01 AM EAT 2024
Current date and time Wed Jan 24 05:06:01 AM EAT 2024
greenzone_vmail-10-25-2023*
***********************************************
command = ls greenzone_vmail-10-25-2023* |wc -l
/home/rbt/voicemail/logs/backup
result=0
No old file
************************** Date  Thu Jan 25 05:06:01 AM EAT 2024
Current date and time Thu Jan 25 05:06:01 AM EAT 2024
greenzone_vmail-10-26-2023*
***********************************************
command = ls greenzone_vmail-10-26-2023* |wc -l
/home/rbt/voicemail/logs/backup
result=0
No old file
************************** Date  Fri Jan 26 05:06:01 AM EAT 2024
Current date and time Fri Jan 26 05:06:01 AM EAT 2024
greenzone_vmail-10-27-2023*
***********************************************
command = ls greenzone_vmail-10-27-2023* |wc -l
/home/rbt/voicemail/logs/backup
result=0
No old file
************************** Date  Sat Jan 27 05:06:01 AM EAT 2024
Current date and time Sat Jan 27 05:06:01 AM EAT 2024
greenzone_vmail-10-28-2023*
***********************************************
command = ls greenzone_vmail-10-28-2023* |wc -l
/home/rbt/voicemail/logs/backup
result=0
No old file
************************** Date  Sun Jan 28 05:06:01 AM EAT 2024
Current date and time Sun Jan 28 05:06:01 AM EAT 2024
greenzone_vmail-10-29-2023-1.log.tgz
***********************************************
command = ls greenzone_vmail-10-29-2023* |wc -l
/home/rbt/voicemail/logs/backup
result=1
else
greenzone_vmail-10-29-2023-1.log.tgz
1
1
greenzone_vmail-10-29-2023-1.log.tgz
************************** Date  Mon Jan 29 05:06:01 AM EAT 2024
Current date and time Mon Jan 29 05:06:01 AM EAT 2024
greenzone_vmail-10-30-2023-1.log.tgz greenzone_vmail-10-30-2023-2.log.tgz greenzone_vmail-10-30-2023-3.log.tgz greenzone_vmail-10-30-2023-4.log.tgz greenzone_vmail-10-30-2023-5.log.tgz greenzone_vmail-10-30-2023-6.log.tgz
***********************************************
command = ls greenzone_vmail-10-30-2023* |wc -l
/home/rbt/voicemail/logs/backup
result=6
else
greenzone_vmail-10-30-2023-1.log.tgz greenzone_vmail-10-30-2023-2.log.tgz greenzone_vmail-10-30-2023-3.log.tgz greenzone_vmail-10-30-2023-4.log.tgz greenzone_vmail-10-30-2023-5.log.tgz greenzone_vmail-10-30-2023-6.log.tgz
6
1
greenzone_vmail-10-30-2023-1.log.tgz
2
greenzone_vmail-10-30-2023-2.log.tgz
3
greenzone_vmail-10-30-2023-3.log.tgz
4
greenzone_vmail-10-30-2023-4.log.tgz
5
greenzone_vmail-10-30-2023-5.log.tgz
6
greenzone_vmail-10-30-2023-6.log.tgz
